{
  "stats": {
    "suites": 1,
    "tests": 3,
    "passes": 1,
    "pending": 0,
    "failures": 2,
    "start": "2026-06-12T11:25:44.137Z",
    "end": "2026-06-12T11:25:50.845Z",
    "duration": 6708,
    "testsRegistered": 3,
    "passPercent": 33.33333333333333,
    "pendingPercent": 0,
    "other": 0,
    "hasOther": false,
    "skipped": 0,
    "hasSkipped": false
  },
  "results": [
    {
      "uuid": "3c7ed109-56ec-4c1f-8c9f-e1210e4b7b01",
      "title": "",
      "fullFile": "/Users/przemylawbielecki/Documents/2024/2025/2026/06 Czerwiec/folder bez nazwy/test-cicd/tests/accessibility-tests.js",
      "file": "/tests/accessibility-tests.js",
      "beforeHooks": [],
      "afterHooks": [],
      "tests": [],
      "suites": [
        {
          "uuid": "599a7231-eab3-460c-9590-5abab4f1d026",
          "title": "Accessibility test with Playwright and Axe",
          "fullFile": "/Users/przemylawbielecki/Documents/2024/2025/2026/06 Czerwiec/folder bez nazwy/test-cicd/tests/accessibility-tests.js",
          "file": "/tests/accessibility-tests.js",
          "beforeHooks": [
            {
              "title": "\"before all\" hook in \"Accessibility test with Playwright and Axe\"",
              "fullTitle": "Accessibility test with Playwright and Axe \"before all\" hook in \"Accessibility test with Playwright and Axe\"",
              "timedOut": false,
              "duration": 1680,
              "state": null,
              "speed": null,
              "pass": false,
              "fail": false,
              "pending": false,
              "context": null,
              "code": "browser = await chromium.launch();\ncontext = await browser.newContext();\npage = await context.newPage();",
              "err": {},
              "uuid": "b1384b0d-34e7-41ca-a779-93440416b2e7",
              "parentUUID": "599a7231-eab3-460c-9590-5abab4f1d026",
              "isHook": true,
              "skipped": false
            }
          ],
          "afterHooks": [
            {
              "title": "\"after all\" hook in \"Accessibility test with Playwright and Axe\"",
              "fullTitle": "Accessibility test with Playwright and Axe \"after all\" hook in \"Accessibility test with Playwright and Axe\"",
              "timedOut": false,
              "duration": 17,
              "state": null,
              "speed": null,
              "pass": false,
              "fail": false,
              "pending": false,
              "context": null,
              "code": "await page.close();\nawait browser.close();",
              "err": {},
              "uuid": "dac4674a-378c-4b4e-8365-0efc3be81a02",
              "parentUUID": "599a7231-eab3-460c-9590-5abab4f1d026",
              "isHook": true,
              "skipped": false
            }
          ],
          "tests": [
            {
              "title": "should have no serious accessibility violations on home",
              "fullTitle": "Accessibility test with Playwright and Axe should have no serious accessibility violations on home",
              "timedOut": false,
              "duration": 884,
              "state": "passed",
              "speed": "slow",
              "pass": true,
              "fail": false,
              "pending": false,
              "context": null,
              "code": "await page.goto('http://localhost:3000');\n \n// Run the accessibility test using the reusable function\nawait runAxeAccessibilityTest(page);",
              "err": {},
              "uuid": "93586827-28ef-4abd-8dc7-c3942b47e1a7",
              "parentUUID": "599a7231-eab3-460c-9590-5abab4f1d026",
              "isHook": false,
              "skipped": false
            },
            {
              "title": "should have no serious accessibility violations on revalidation",
              "fullTitle": "Accessibility test with Playwright and Axe should have no serious accessibility violations on revalidation",
              "timedOut": false,
              "duration": 2389,
              "state": "failed",
              "speed": null,
              "pass": false,
              "fail": true,
              "pending": false,
              "context": null,
              "code": "await page.goto('http://localhost:3000/revalidation');\n// Run the accessibility test using the reusable function\nawait runAxeAccessibilityTest(page);",
              "err": {
                "message": "AssertionError: Found serious accessibility violations: [\n  {\n    \"id\": \"color-contrast\",\n    \"impact\": \"serious\",\n    \"tags\": [\n      \"cat.color\",\n      \"wcag2aa\",\n      \"wcag143\",\n      \"TTv5\",\n      \"TT13.c\",\n      \"EN-301-549\",\n      \"EN-9.1.4.3\",\n      \"ACT\",\n      \"RGAAv4\",\n      \"RGAA-3.2.1\"\n    ],\n    \"description\": \"Ensure the contrast between foreground and background colors meets WCAG 2 AA minimum contrast ratio thresholds\",\n    \"help\": \"Elements must meet minimum color contrast ratio thresholds\",\n    \"helpUrl\": \"https://dequeuniversity.com/rules/axe/4.11/color-contrast?application=playwright\",\n    \"nodes\": [\n      {\n        \"any\": [\n          {\n            \"id\": \"color-contrast\",\n            \"data\": {\n              \"fgColor\": \"#5a5f79\",\n              \"bgColor\": \"#1b1e28\",\n              \"contrastRatio\": 2.65,\n              \"fontSize\": \"12.0pt (16px)\",\n              \"fontWeight\": \"normal\",\n              \"messageKey\": null,\n              \"expectedContrastRatio\": \"4.5:1\"\n            },\n            \"relatedNodes\": [\n              {\n                \"html\": \"<pre style=\\\"margin:0;color:#a6accd;background:#1b1e28;padding:1em 0;overflow:auto\\\">\",\n                \"target\": [\n                  \"pre\"\n                ]\n              }\n            ],\n            \"impact\": \"serious\",\n            \"message\": \"Element has insufficient color contrast of 2.65 (foreground color: #5a5f79, background color: #1b1e28, font size: 12.0pt (16px), font weight: normal). Expected contrast ratio of 4.5:1\"\n          }\n        ],\n        \"all\": [],\n        \"none\": [],\n        \"impact\": \"serious\",\n        \"html\": \"<span style=\\\"color:#767C9DB0;font-style:italic\\\">    // ...render</span>\",\n        \"target\": [\n          \"div:nth-child(7) > span > span\"\n        ],\n        \"failureSummary\": \"Fix any of the following:\\n  Element has insufficient color contrast of 2.65 (foreground color: #5a5f79, background color: #1b1e28, font size: 12.0pt (16px), font weight: normal). Expected contrast ratio of 4.5:1\"\n      }\n    ]\n  }\n]\n\n1 !== 0\n",
                "estack": "AssertionError [ERR_ASSERTION]: Found serious accessibility violations: [\n  {\n    \"id\": \"color-contrast\",\n    \"impact\": \"serious\",\n    \"tags\": [\n      \"cat.color\",\n      \"wcag2aa\",\n      \"wcag143\",\n      \"TTv5\",\n      \"TT13.c\",\n      \"EN-301-549\",\n      \"EN-9.1.4.3\",\n      \"ACT\",\n      \"RGAAv4\",\n      \"RGAA-3.2.1\"\n    ],\n    \"description\": \"Ensure the contrast between foreground and background colors meets WCAG 2 AA minimum contrast ratio thresholds\",\n    \"help\": \"Elements must meet minimum color contrast ratio thresholds\",\n    \"helpUrl\": \"https://dequeuniversity.com/rules/axe/4.11/color-contrast?application=playwright\",\n    \"nodes\": [\n      {\n        \"any\": [\n          {\n            \"id\": \"color-contrast\",\n            \"data\": {\n              \"fgColor\": \"#5a5f79\",\n              \"bgColor\": \"#1b1e28\",\n              \"contrastRatio\": 2.65,\n              \"fontSize\": \"12.0pt (16px)\",\n              \"fontWeight\": \"normal\",\n              \"messageKey\": null,\n              \"expectedContrastRatio\": \"4.5:1\"\n            },\n            \"relatedNodes\": [\n              {\n                \"html\": \"<pre style=\\\"margin:0;color:#a6accd;background:#1b1e28;padding:1em 0;overflow:auto\\\">\",\n                \"target\": [\n                  \"pre\"\n                ]\n              }\n            ],\n            \"impact\": \"serious\",\n            \"message\": \"Element has insufficient color contrast of 2.65 (foreground color: #5a5f79, background color: #1b1e28, font size: 12.0pt (16px), font weight: normal). Expected contrast ratio of 4.5:1\"\n          }\n        ],\n        \"all\": [],\n        \"none\": [],\n        \"impact\": \"serious\",\n        \"html\": \"<span style=\\\"color:#767C9DB0;font-style:italic\\\">    // ...render</span>\",\n        \"target\": [\n          \"div:nth-child(7) > span > span\"\n        ],\n        \"failureSummary\": \"Fix any of the following:\\n  Element has insufficient color contrast of 2.65 (foreground color: #5a5f79, background color: #1b1e28, font size: 12.0pt (16px), font weight: normal). Expected contrast ratio of 4.5:1\"\n      }\n    ]\n  }\n]\n\n1 !== 0\n\n    at runAxeAccessibilityTest (tests/accessibility-tests.js:49:12)\n    at async Context.<anonymous> (tests/accessibility-tests.js:28:5)",
                "diff": "- 1\n+ 0\n"
              },
              "uuid": "335bffc9-c43f-4326-b481-523410187177",
              "parentUUID": "599a7231-eab3-460c-9590-5abab4f1d026",
              "isHook": false,
              "skipped": false
            },
            {
              "title": "should have no serious accessibility violations on image-cdn",
              "fullTitle": "Accessibility test with Playwright and Axe should have no serious accessibility violations on image-cdn",
              "timedOut": false,
              "duration": 1729,
              "state": "failed",
              "speed": null,
              "pass": false,
              "fail": true,
              "pending": false,
              "context": null,
              "code": "await page.goto('http://localhost:3000/image-cdn');\n \n// Run the accessibility test using the reusable function\nawait runAxeAccessibilityTest(page);",
              "err": {
                "message": "AssertionError: Found serious accessibility violations: [\n  {\n    \"id\": \"color-contrast\",\n    \"impact\": \"serious\",\n    \"tags\": [\n      \"cat.color\",\n      \"wcag2aa\",\n      \"wcag143\",\n      \"TTv5\",\n      \"TT13.c\",\n      \"EN-301-549\",\n      \"EN-9.1.4.3\",\n      \"ACT\",\n      \"RGAAv4\",\n      \"RGAA-3.2.1\"\n    ],\n    \"description\": \"Ensure the contrast between foreground and background colors meets WCAG 2 AA minimum contrast ratio thresholds\",\n    \"help\": \"Elements must meet minimum color contrast ratio thresholds\",\n    \"helpUrl\": \"https://dequeuniversity.com/rules/axe/4.11/color-contrast?application=playwright\",\n    \"nodes\": [\n      {\n        \"any\": [\n          {\n            \"id\": \"color-contrast\",\n            \"data\": {\n              \"fgColor\": \"#5a5f79\",\n              \"bgColor\": \"#1b1e28\",\n              \"contrastRatio\": 2.65,\n              \"fontSize\": \"12.0pt (16px)\",\n              \"fontWeight\": \"normal\",\n              \"messageKey\": null,\n              \"expectedContrastRatio\": \"4.5:1\"\n            },\n            \"relatedNodes\": [\n              {\n                \"html\": \"<pre style=\\\"margin:0;color:#a6accd;background:#1b1e28;padding:1em 0;overflow:auto\\\">\",\n                \"target\": [\n                  \"section:nth-child(2) > .markdown > div[data-bright-theme=\\\"poimandres\\\"] > pre\"\n                ]\n              }\n            ],\n            \"impact\": \"serious\",\n            \"message\": \"Element has insufficient color contrast of 2.65 (foreground color: #5a5f79, background color: #1b1e28, font size: 12.0pt (16px), font weight: normal). Expected contrast ratio of 4.5:1\"\n          }\n        ],\n        \"all\": [],\n        \"none\": [],\n        \"impact\": \"serious\",\n        \"html\": \"<span style=\\\"color:#767C9DB0;font-style:italic\\\">// In your component</span>\",\n        \"target\": [\n          \"section:nth-child(2) > .markdown > div[data-bright-theme=\\\"poimandres\\\"] > pre > code > div:nth-child(3) > span > span\"\n        ],\n        \"failureSummary\": \"Fix any of the following:\\n  Element has insufficient color contrast of 2.65 (foreground color: #5a5f79, background color: #1b1e28, font size: 12.0pt (16px), font weight: normal). Expected contrast ratio of 4.5:1\"\n      },\n      {\n        \"any\": [\n          {\n            \"id\": \"color-contrast\",\n            \"data\": {\n              \"fgColor\": \"#5a5f79\",\n              \"bgColor\": \"#1b1e28\",\n              \"contrastRatio\": 2.65,\n              \"fontSize\": \"12.0pt (16px)\",\n              \"fontWeight\": \"normal\",\n              \"messageKey\": null,\n              \"expectedContrastRatio\": \"4.5:1\"\n            },\n            \"relatedNodes\": [\n              {\n                \"html\": \"<pre style=\\\"margin:0;color:#a6accd;background:#1b1e28;padding:1em 0;overflow:auto\\\">\",\n                \"target\": [\n                  \"section:nth-child(2) > .markdown > div[data-bright-theme=\\\"poimandres\\\"] > pre\"\n                ]\n              }\n            ],\n            \"impact\": \"serious\",\n            \"message\": \"Element has insufficient color contrast of 2.65 (foreground color: #5a5f79, background color: #1b1e28, font size: 12.0pt (16px), font weight: normal). Expected contrast ratio of 4.5:1\"\n          }\n        ],\n        \"all\": [],\n        \"none\": [],\n        \"impact\": \"serious\",\n        \"html\": \"<span style=\\\"color:#767C9DB0;font-style:italic\\\">/* ... additional props */</span>\",\n        \"target\": [\n          \"div:nth-child(4) > span > span:nth-child(13)\"\n        ],\n        \"failureSummary\": \"Fix any of the following:\\n  Element has insufficient color contrast of 2.65 (foreground color: #5a5f79, background color: #1b1e28, font size: 12.0pt (16px), font weight: normal). Expected contrast ratio of 4.5:1\"\n      },\n      {\n        \"any\": [\n          {\n            \"id\": \"color-contrast\",\n            \"data\": {\n              \"fgColor\": \"#5a5f79\",\n              \"bgColor\": \"#1b1e28\",\n              \"contrastRatio\": 2.65,\n              \"fontSize\": \"12.0pt (16px)\",\n              \"fontWeight\": \"normal\",\n              \"messageKey\": null,\n              \"expectedContrastRatio\": \"4.5:1\"\n            },\n            \"relatedNodes\": [\n              {\n                \"html\": \"<pre style=\\\"margin:0;color:#a6accd;background:#1b1e28;padding:1em 0;overflow:auto\\\">\",\n                \"target\": [\n                  \"section:nth-child(3) > .markdown > div[data-bright-theme=\\\"poimandres\\\"] > pre\"\n                ]\n              }\n            ],\n            \"impact\": \"serious\",\n            \"message\": \"Element has insufficient color contrast of 2.65 (foreground color: #5a5f79, background color: #1b1e28, font size: 12.0pt (16px), font weight: normal). Expected contrast ratio of 4.5:1\"\n          }\n        ],\n        \"all\": [],\n        \"none\": [],\n        \"impact\": \"serious\",\n        \"html\": \"<span style=\\\"color:#767C9DB0;font-style:italic\\\">// &lt;== On the left, the original image</span>\",\n        \"target\": [\n          \"section:nth-child(3) > .markdown > div[data-bright-theme=\\\"poimandres\\\"] > pre > code > div:nth-child(1) > span > span\"\n        ],\n        \"failureSummary\": \"Fix any of the following:\\n  Element has insufficient color contrast of 2.65 (foreground color: #5a5f79, background color: #1b1e28, font size: 12.0pt (16px), font weight: normal). Expected contrast ratio of 4.5:1\"\n      },\n      {\n        \"any\": [\n          {\n            \"id\": \"color-contrast\",\n            \"data\": {\n              \"fgColor\": \"#5a5f79\",\n              \"bgColor\": \"#1b1e28\",\n              \"contrastRatio\": 2.65,\n              \"fontSize\": \"12.0pt (16px)\",\n              \"fontWeight\": \"normal\",\n              \"messageKey\": null,\n              \"expectedContrastRatio\": \"4.5:1\"\n            },\n            \"relatedNodes\": [\n              {\n                \"html\": \"<pre style=\\\"margin:0;color:#a6accd;background:#1b1e28;padding:1em 0;overflow:auto\\\">\",\n                \"target\": [\n                  \"section:nth-child(3) > .markdown > div[data-bright-theme=\\\"poimandres\\\"] > pre\"\n                ]\n              }\n            ],\n            \"impact\": \"serious\",\n            \"message\": \"Element has insufficient color contrast of 2.65 (foreground color: #5a5f79, background color: #1b1e28, font size: 12.0pt (16px), font weight: normal). Expected contrast ratio of 4.5:1\"\n          }\n        ],\n        \"all\": [],\n        \"none\": [],\n        \"impact\": \"serious\",\n        \"html\": \"<span style=\\\"color:#767C9DB0;font-style:italic\\\">// ==&gt; On the right, explicitly using Netlify Image CDN endpoint for a responsive image</span>\",\n        \"target\": [\n          \"section:nth-child(3) > .markdown > div[data-bright-theme=\\\"poimandres\\\"] > pre > code > div:nth-child(4) > span > span\"\n        ],\n        \"failureSummary\": \"Fix any of the following:\\n  Element has insufficient color contrast of 2.65 (foreground color: #5a5f79, background color: #1b1e28, font size: 12.0pt (16px), font weight: normal). Expected contrast ratio of 4.5:1\"\n      }\n    ]\n  },\n  {\n    \"id\": \"scrollable-region-focusable\",\n    \"impact\": \"serious\",\n    \"tags\": [\n      \"cat.keyboard\",\n      \"wcag2a\",\n      \"wcag211\",\n      \"wcag213\",\n      \"TTv5\",\n      \"TT4.a\",\n      \"EN-301-549\",\n      \"EN-9.2.1.1\",\n      \"EN-9.2.1.3\",\n      \"RGAAv4\",\n      \"RGAA-7.3.2\"\n    ],\n    \"description\": \"Ensure elements that have scrollable content are accessible by keyboard in Safari\",\n    \"help\": \"Scrollable region must have keyboard access\",\n    \"helpUrl\": \"https://dequeuniversity.com/rules/axe/4.11/scrollable-region-focusable?application=playwright\",\n    \"nodes\": [\n      {\n        \"any\": [\n          {\n            \"id\": \"focusable-content\",\n            \"data\": null,\n            \"relatedNodes\": [],\n            \"impact\": \"serious\",\n            \"message\": \"Element should have focusable content\"\n          },\n          {\n            \"id\": \"focusable-element\",\n            \"data\": null,\n            \"relatedNodes\": [],\n            \"impact\": \"serious\",\n            \"message\": \"Element should be focusable\"\n          }\n        ],\n        \"all\": [],\n        \"none\": [],\n        \"impact\": \"serious\",\n        \"html\": \"<pre style=\\\"margin:0;color:#a6accd;background:#1b1e28;padding:1em 0;overflow:auto\\\">\",\n        \"target\": [\n          \"section:nth-child(3) > .markdown > div[data-bright-theme=\\\"poimandres\\\"] > pre\"\n        ],\n        \"failureSummary\": \"Fix any of the following:\\n  Element should have focusable content\\n  Element should be focusable\"\n      }\n    ]\n  }\n]\n\n2 !== 0\n",
                "estack": "AssertionError [ERR_ASSERTION]: Found serious accessibility violations: [\n  {\n    \"id\": \"color-contrast\",\n    \"impact\": \"serious\",\n    \"tags\": [\n      \"cat.color\",\n      \"wcag2aa\",\n      \"wcag143\",\n      \"TTv5\",\n      \"TT13.c\",\n      \"EN-301-549\",\n      \"EN-9.1.4.3\",\n      \"ACT\",\n      \"RGAAv4\",\n      \"RGAA-3.2.1\"\n    ],\n    \"description\": \"Ensure the contrast between foreground and background colors meets WCAG 2 AA minimum contrast ratio thresholds\",\n    \"help\": \"Elements must meet minimum color contrast ratio thresholds\",\n    \"helpUrl\": \"https://dequeuniversity.com/rules/axe/4.11/color-contrast?application=playwright\",\n    \"nodes\": [\n      {\n        \"any\": [\n          {\n            \"id\": \"color-contrast\",\n            \"data\": {\n              \"fgColor\": \"#5a5f79\",\n              \"bgColor\": \"#1b1e28\",\n              \"contrastRatio\": 2.65,\n              \"fontSize\": \"12.0pt (16px)\",\n              \"fontWeight\": \"normal\",\n              \"messageKey\": null,\n              \"expectedContrastRatio\": \"4.5:1\"\n            },\n            \"relatedNodes\": [\n              {\n                \"html\": \"<pre style=\\\"margin:0;color:#a6accd;background:#1b1e28;padding:1em 0;overflow:auto\\\">\",\n                \"target\": [\n                  \"section:nth-child(2) > .markdown > div[data-bright-theme=\\\"poimandres\\\"] > pre\"\n                ]\n              }\n            ],\n            \"impact\": \"serious\",\n            \"message\": \"Element has insufficient color contrast of 2.65 (foreground color: #5a5f79, background color: #1b1e28, font size: 12.0pt (16px), font weight: normal). Expected contrast ratio of 4.5:1\"\n          }\n        ],\n        \"all\": [],\n        \"none\": [],\n        \"impact\": \"serious\",\n        \"html\": \"<span style=\\\"color:#767C9DB0;font-style:italic\\\">// In your component</span>\",\n        \"target\": [\n          \"section:nth-child(2) > .markdown > div[data-bright-theme=\\\"poimandres\\\"] > pre > code > div:nth-child(3) > span > span\"\n        ],\n        \"failureSummary\": \"Fix any of the following:\\n  Element has insufficient color contrast of 2.65 (foreground color: #5a5f79, background color: #1b1e28, font size: 12.0pt (16px), font weight: normal). Expected contrast ratio of 4.5:1\"\n      },\n      {\n        \"any\": [\n          {\n            \"id\": \"color-contrast\",\n            \"data\": {\n              \"fgColor\": \"#5a5f79\",\n              \"bgColor\": \"#1b1e28\",\n              \"contrastRatio\": 2.65,\n              \"fontSize\": \"12.0pt (16px)\",\n              \"fontWeight\": \"normal\",\n              \"messageKey\": null,\n              \"expectedContrastRatio\": \"4.5:1\"\n            },\n            \"relatedNodes\": [\n              {\n                \"html\": \"<pre style=\\\"margin:0;color:#a6accd;background:#1b1e28;padding:1em 0;overflow:auto\\\">\",\n                \"target\": [\n                  \"section:nth-child(2) > .markdown > div[data-bright-theme=\\\"poimandres\\\"] > pre\"\n                ]\n              }\n            ],\n            \"impact\": \"serious\",\n            \"message\": \"Element has insufficient color contrast of 2.65 (foreground color: #5a5f79, background color: #1b1e28, font size: 12.0pt (16px), font weight: normal). Expected contrast ratio of 4.5:1\"\n          }\n        ],\n        \"all\": [],\n        \"none\": [],\n        \"impact\": \"serious\",\n        \"html\": \"<span style=\\\"color:#767C9DB0;font-style:italic\\\">/* ... additional props */</span>\",\n        \"target\": [\n          \"div:nth-child(4) > span > span:nth-child(13)\"\n        ],\n        \"failureSummary\": \"Fix any of the following:\\n  Element has insufficient color contrast of 2.65 (foreground color: #5a5f79, background color: #1b1e28, font size: 12.0pt (16px), font weight: normal). Expected contrast ratio of 4.5:1\"\n      },\n      {\n        \"any\": [\n          {\n            \"id\": \"color-contrast\",\n            \"data\": {\n              \"fgColor\": \"#5a5f79\",\n              \"bgColor\": \"#1b1e28\",\n              \"contrastRatio\": 2.65,\n              \"fontSize\": \"12.0pt (16px)\",\n              \"fontWeight\": \"normal\",\n              \"messageKey\": null,\n              \"expectedContrastRatio\": \"4.5:1\"\n            },\n            \"relatedNodes\": [\n              {\n                \"html\": \"<pre style=\\\"margin:0;color:#a6accd;background:#1b1e28;padding:1em 0;overflow:auto\\\">\",\n                \"target\": [\n                  \"section:nth-child(3) > .markdown > div[data-bright-theme=\\\"poimandres\\\"] > pre\"\n                ]\n              }\n            ],\n            \"impact\": \"serious\",\n            \"message\": \"Element has insufficient color contrast of 2.65 (foreground color: #5a5f79, background color: #1b1e28, font size: 12.0pt (16px), font weight: normal). Expected contrast ratio of 4.5:1\"\n          }\n        ],\n        \"all\": [],\n        \"none\": [],\n        \"impact\": \"serious\",\n        \"html\": \"<span style=\\\"color:#767C9DB0;font-style:italic\\\">// &lt;== On the left, the original image</span>\",\n        \"target\": [\n          \"section:nth-child(3) > .markdown > div[data-bright-theme=\\\"poimandres\\\"] > pre > code > div:nth-child(1) > span > span\"\n        ],\n        \"failureSummary\": \"Fix any of the following:\\n  Element has insufficient color contrast of 2.65 (foreground color: #5a5f79, background color: #1b1e28, font size: 12.0pt (16px), font weight: normal). Expected contrast ratio of 4.5:1\"\n      },\n      {\n        \"any\": [\n          {\n            \"id\": \"color-contrast\",\n            \"data\": {\n              \"fgColor\": \"#5a5f79\",\n              \"bgColor\": \"#1b1e28\",\n              \"contrastRatio\": 2.65,\n              \"fontSize\": \"12.0pt (16px)\",\n              \"fontWeight\": \"normal\",\n              \"messageKey\": null,\n              \"expectedContrastRatio\": \"4.5:1\"\n            },\n            \"relatedNodes\": [\n              {\n                \"html\": \"<pre style=\\\"margin:0;color:#a6accd;background:#1b1e28;padding:1em 0;overflow:auto\\\">\",\n                \"target\": [\n                  \"section:nth-child(3) > .markdown > div[data-bright-theme=\\\"poimandres\\\"] > pre\"\n                ]\n              }\n            ],\n            \"impact\": \"serious\",\n            \"message\": \"Element has insufficient color contrast of 2.65 (foreground color: #5a5f79, background color: #1b1e28, font size: 12.0pt (16px), font weight: normal). Expected contrast ratio of 4.5:1\"\n          }\n        ],\n        \"all\": [],\n        \"none\": [],\n        \"impact\": \"serious\",\n        \"html\": \"<span style=\\\"color:#767C9DB0;font-style:italic\\\">// ==&gt; On the right, explicitly using Netlify Image CDN endpoint for a responsive image</span>\",\n        \"target\": [\n          \"section:nth-child(3) > .markdown > div[data-bright-theme=\\\"poimandres\\\"] > pre > code > div:nth-child(4) > span > span\"\n        ],\n        \"failureSummary\": \"Fix any of the following:\\n  Element has insufficient color contrast of 2.65 (foreground color: #5a5f79, background color: #1b1e28, font size: 12.0pt (16px), font weight: normal). Expected contrast ratio of 4.5:1\"\n      }\n    ]\n  },\n  {\n    \"id\": \"scrollable-region-focusable\",\n    \"impact\": \"serious\",\n    \"tags\": [\n      \"cat.keyboard\",\n      \"wcag2a\",\n      \"wcag211\",\n      \"wcag213\",\n      \"TTv5\",\n      \"TT4.a\",\n      \"EN-301-549\",\n      \"EN-9.2.1.1\",\n      \"EN-9.2.1.3\",\n      \"RGAAv4\",\n      \"RGAA-7.3.2\"\n    ],\n    \"description\": \"Ensure elements that have scrollable content are accessible by keyboard in Safari\",\n    \"help\": \"Scrollable region must have keyboard access\",\n    \"helpUrl\": \"https://dequeuniversity.com/rules/axe/4.11/scrollable-region-focusable?application=playwright\",\n    \"nodes\": [\n      {\n        \"any\": [\n          {\n            \"id\": \"focusable-content\",\n            \"data\": null,\n            \"relatedNodes\": [],\n            \"impact\": \"serious\",\n            \"message\": \"Element should have focusable content\"\n          },\n          {\n            \"id\": \"focusable-element\",\n            \"data\": null,\n            \"relatedNodes\": [],\n            \"impact\": \"serious\",\n            \"message\": \"Element should be focusable\"\n          }\n        ],\n        \"all\": [],\n        \"none\": [],\n        \"impact\": \"serious\",\n        \"html\": \"<pre style=\\\"margin:0;color:#a6accd;background:#1b1e28;padding:1em 0;overflow:auto\\\">\",\n        \"target\": [\n          \"section:nth-child(3) > .markdown > div[data-bright-theme=\\\"poimandres\\\"] > pre\"\n        ],\n        \"failureSummary\": \"Fix any of the following:\\n  Element should have focusable content\\n  Element should be focusable\"\n      }\n    ]\n  }\n]\n\n2 !== 0\n\n    at runAxeAccessibilityTest (tests/accessibility-tests.js:49:12)\n    at async Context.<anonymous> (tests/accessibility-tests.js:34:5)",
                "diff": "- 2\n+ 0\n"
              },
              "uuid": "28246894-503f-4b79-bac4-6722e18b3c68",
              "parentUUID": "599a7231-eab3-460c-9590-5abab4f1d026",
              "isHook": false,
              "skipped": false
            }
          ],
          "suites": [],
          "passes": [
            "93586827-28ef-4abd-8dc7-c3942b47e1a7"
          ],
          "failures": [
            "335bffc9-c43f-4326-b481-523410187177",
            "28246894-503f-4b79-bac4-6722e18b3c68"
          ],
          "pending": [],
          "skipped": [],
          "duration": 5002,
          "root": false,
          "rootEmpty": false,
          "_timeout": 20000
        }
      ],
      "passes": [],
      "failures": [],
      "pending": [],
      "skipped": [],
      "duration": 0,
      "root": true,
      "rootEmpty": true,
      "_timeout": 20000
    }
  ],
  "meta": {
    "mocha": {
      "version": "11.7.6"
    },
    "mochawesome": {
      "options": {
        "quiet": false,
        "reportFilename": "mochawesome",
        "saveHtml": true,
        "saveJson": true,
        "consoleReporter": "spec",
        "useInlineDiffs": false,
        "code": true
      },
      "version": "7.1.4"
    },
    "marge": {
      "options": null,
      "version": "6.3.2"
    }
  }
}